<?xml version="1.0" encoding="UTF-8"?>
<!-- Generated by org.testng.reporters.JUnitReportReporter -->
<testsuite hostname="Lipikachawla" name="testCases.testCaseGet" tests="2" failures="0" timestamp="1 Nov 2019 05:11:51 GMT" time="4.593" errors="0">
  <testcase name="request" time="3.234" classname="testCases.testCaseGet"/>
  <testcase name="response" time="1.359" classname="testCases.testCaseGet"/>
</testsuite> <!-- testCases.testCaseGet -->
