<?xml version="1.0" encoding="UTF-8"?>
<!-- Generated by org.testng.reporters.JUnitReportReporter -->
<testsuite hostname="Lipikachawla" name="testCases.testCasePost" tests="2" failures="0" timestamp="1 Nov 2019 06:05:40 GMT" time="6.380" errors="0">
  <testcase name="response" time="3.147" classname="testCases.testCasePost"/>
  <testcase name="request" time="3.233" classname="testCases.testCasePost"/>
</testsuite> <!-- testCases.testCasePost -->
