<?xml version="1.0" encoding="UTF-8"?>
<!-- Generated by org.testng.reporters.JUnitReportReporter -->
<testsuite hostname="Lipikachawla" name="testCases.testClassDelete" tests="2" failures="0" timestamp="1 Nov 2019 05:57:58 GMT" time="2.891" errors="0">
  <testcase name="request" time="2.873" classname="testCases.testClassDelete"/>
  <testcase name="response" time="0.018" classname="testCases.testClassDelete"/>
</testsuite> <!-- testCases.testClassDelete -->
