<?xml version="1.0" encoding="UTF-8"?>
<!-- Generated by org.testng.reporters.JUnitReportReporter -->
<testsuite hostname="Lipikachawla" name="testCases.TestCases" tests="10" failures="0" timestamp="1 Nov 2019 12:35:48 GMT" time="22.009" errors="0">
  <testcase name="get_specificList" time="1.229" classname="testCases.TestCases"/>
  <testcase name="post_List" time="2.790" classname="testCases.TestCases"/>
  <testcase name="patch_task" time="2.390" classname="testCases.TestCases"/>
  <testcase name="delete_list" time="2.210" classname="testCases.TestCases"/>
  <testcase name="put_List" time="2.166" classname="testCases.TestCases"/>
  <testcase name="get_list" time="4.010" classname="testCases.TestCases"/>
  <testcase name="put_task" time="1.242" classname="testCases.TestCases"/>
  <testcase name="patch_list" time="2.228" classname="testCases.TestCases"/>
  <testcase name="delete_task" time="1.321" classname="testCases.TestCases"/>
  <testcase name="post_Task" time="2.423" classname="testCases.TestCases"/>
</testsuite> <!-- testCases.TestCases -->
